{"message":"correlationId: -, appName: mssql-node, remote_addr: ::1, remote_user: -, date: 20/Apr/2020:06:52:53 +0000, method: GET, url: /createUserSchema, http_version: 1.1, status: 422, result_length: 70, referrer: -, user_agent: PostmanRuntime/7.1.1, response_time: 2.622 ms\n","level":"info"}
{"message":"correlationId: -, appName: mssql-node, remote_addr: ::1, remote_user: -, date: 20/Apr/2020:06:55:44 +0000, method: GET, url: /createUserSchema, http_version: 1.1, status: 422, result_length: 70, referrer: -, user_agent: PostmanRuntime/7.1.1, response_time: 3.332 ms\n","level":"info"}
{"message":"correlationId: -, appName: mssql-node, remote_addr: ::1, remote_user: -, date: 20/Apr/2020:06:57:06 +0000, method: GET, url: /createUserSchema, http_version: 1.1, status: 422, result_length: 70, referrer: -, user_agent: PostmanRuntime/7.1.1, response_time: 5.200 ms\n","level":"info"}
{"message":"correlationId: -, appName: mssql-node, remote_addr: ::1, remote_user: -, date: 20/Apr/2020:06:57:46 +0000, method: GET, url: /createUserSchema, http_version: 1.1, status: 422, result_length: 70, referrer: -, user_agent: PostmanRuntime/7.1.1, response_time: 5.326 ms\n","level":"info"}
{"message":"correlationId: -, appName: mssql-node, remote_addr: ::1, remote_user: -, date: 20/Apr/2020:07:01:50 +0000, method: GET, url: /createUserSchema, http_version: 1.1, status: 422, result_length: 70, referrer: -, user_agent: PostmanRuntime/7.1.1, response_time: 5.471 ms\n","level":"info"}
{"message":"correlationId: -, appName: mssql-node, remote_addr: ::1, remote_user: -, date: 20/Apr/2020:07:40:52 +0000, method: GET, url: /createUserSchema, http_version: 1.1, status: 404, result_length: 155, referrer: -, user_agent: PostmanRuntime/7.1.1, response_time: 1.741 ms\n","level":"info"}
{"message":"correlationId: -, appName: mssql-node, remote_addr: ::1, remote_user: -, date: 20/Apr/2020:07:42:45 +0000, method: GET, url: /createUserSchema, http_version: 1.1, status: 404, result_length: 155, referrer: -, user_agent: PostmanRuntime/7.1.1, response_time: 2.433 ms\n","level":"info"}
{"message":"correlationId: -, appName: mssql-node, remote_addr: ::1, remote_user: -, date: 20/Apr/2020:07:43:35 +0000, method: GET, url: /createUserSchema, http_version: 1.1, status: 404, result_length: 155, referrer: -, user_agent: PostmanRuntime/7.1.1, response_time: 2.910 ms\n","level":"info"}
{"message":"correlationId: -, appName: mssql-node, remote_addr: ::1, remote_user: -, date: 20/Apr/2020:07:47:55 +0000, method: GET, url: /createUserSchema, http_version: 1.1, status: 404, result_length: 155, referrer: -, user_agent: PostmanRuntime/7.1.1, response_time: 2.419 ms\n","level":"info"}
{"message":"correlationId: -, appName: mssql-node, remote_addr: ::1, remote_user: -, date: 20/Apr/2020:07:50:03 +0000, method: GET, url: /createUserSchema, http_version: 1.1, status: 404, result_length: 155, referrer: -, user_agent: PostmanRuntime/7.1.1, response_time: 1.725 ms\n","level":"info"}
{"message":"correlationId: -, appName: mssql-node, remote_addr: ::1, remote_user: -, date: 20/Apr/2020:07:51:34 +0000, method: GET, url: /createUserSchema, http_version: 1.1, status: 404, result_length: 155, referrer: -, user_agent: PostmanRuntime/7.1.1, response_time: 1.698 ms\n","level":"info"}
{"message":"correlationId: -, appName: mssql-node, remote_addr: ::1, remote_user: -, date: 20/Apr/2020:07:54:11 +0000, method: GET, url: /createUserSchema, http_version: 1.1, status: 404, result_length: 155, referrer: -, user_agent: PostmanRuntime/7.1.1, response_time: 2.413 ms\n","level":"info"}
{"message":"correlationId: -, appName: mssql-node, remote_addr: ::1, remote_user: -, date: 20/Apr/2020:08:07:50 +0000, method: GET, url: /createUserSchema, http_version: 1.1, status: 404, result_length: 155, referrer: -, user_agent: PostmanRuntime/7.1.1, response_time: 1.795 ms\n","level":"info"}
{"message":"correlationId: -, appName: mssql-node, remote_addr: ::1, remote_user: -, date: 20/Apr/2020:08:12:19 +0000, method: GET, url: /createUserSchema, http_version: 1.1, status: 404, result_length: 155, referrer: -, user_agent: PostmanRuntime/7.1.1, response_time: 1.821 ms\n","level":"info"}
{"message":"correlationId: -, appName: mssql-node, remote_addr: ::1, remote_user: -, date: 20/Apr/2020:08:12:45 +0000, method: GET, url: /createUserSchema, http_version: 1.1, status: 404, result_length: 155, referrer: -, user_agent: PostmanRuntime/7.1.1, response_time: 1.895 ms\n","level":"info"}
{"message":"correlationId: -, appName: mssql-node, remote_addr: ::1, remote_user: -, date: 20/Apr/2020:08:15:18 +0000, method: GET, url: /createUserSchema, http_version: 1.1, status: 404, result_length: 155, referrer: -, user_agent: PostmanRuntime/7.1.1, response_time: 2.828 ms\n","level":"info"}
{"message":"correlationId: -, appName: mssql-node, remote_addr: ::1, remote_user: -, date: 20/Apr/2020:08:20:20 +0000, method: GET, url: /createUserSchema, http_version: 1.1, status: 404, result_length: 155, referrer: -, user_agent: PostmanRuntime/7.1.1, response_time: 2.392 ms\n","level":"info"}
{"message":"correlationId: -, appName: mssql-node, remote_addr: ::1, remote_user: -, date: 20/Apr/2020:08:21:12 +0000, method: GET, url: /createUserSchema, http_version: 1.1, status: 404, result_length: 155, referrer: -, user_agent: PostmanRuntime/7.1.1, response_time: 2.592 ms\n","level":"info"}
{"message":"correlationId: -, appName: mssql-node, remote_addr: ::1, remote_user: -, date: 20/Apr/2020:08:30:52 +0000, method: GET, url: /createUserSchema, http_version: 1.1, status: 200, result_length: 30, referrer: -, user_agent: PostmanRuntime/7.1.1, response_time: 3.316 ms\n","level":"info"}
{"message":"correlationId: -, appName: mssql-node, remote_addr: ::1, remote_user: -, date: 20/Apr/2020:08:31:26 +0000, method: GET, url: /createUserSchema, http_version: 1.1, status: 200, result_length: 37, referrer: -, user_agent: PostmanRuntime/7.1.1, response_time: 9.813 ms\n","level":"info"}
{"message":"correlationId: -, appName: mssql-node, remote_addr: ::1, remote_user: -, date: 20/Apr/2020:08:34:00 +0000, method: GET, url: /createUserSchema, http_version: 1.1, status: 200, result_length: 37, referrer: -, user_agent: PostmanRuntime/7.1.1, response_time: 10.251 ms\n","level":"info"}
{"message":"correlationId: -, appName: mssql-node, remote_addr: ::1, remote_user: -, date: 20/Apr/2020:08:34:26 +0000, method: GET, url: /createUserSchema, http_version: 1.1, status: 200, result_length: 69, referrer: -, user_agent: PostmanRuntime/7.1.1, response_time: 12.529 ms\n","level":"info"}
{"message":"correlationId: -, appName: mssql-node, remote_addr: ::1, remote_user: -, date: 20/Apr/2020:08:47:17 +0000, method: GET, url: /createUserSchema, http_version: 1.1, status: 200, result_length: 69, referrer: -, user_agent: PostmanRuntime/7.1.1, response_time: 8.527 ms\n","level":"info"}
{"message":"correlationId: -, appName: mssql-node, remote_addr: ::1, remote_user: -, date: 20/Apr/2020:08:52:38 +0000, method: GET, url: /createUserSchema, http_version: 1.1, status: 200, result_length: 69, referrer: -, user_agent: PostmanRuntime/7.1.1, response_time: 10.496 ms\n","level":"info"}
{"message":"correlationId: -, appName: mssql-node, remote_addr: ::1, remote_user: -, date: 20/Apr/2020:08:54:56 +0000, method: GET, url: /createUserSchema, http_version: 1.1, status: 200, result_length: 69, referrer: -, user_agent: PostmanRuntime/7.1.1, response_time: 1856.586 ms\n","level":"info"}
{"message":"correlationId: -, appName: mssql-node, remote_addr: ::1, remote_user: -, date: 20/Apr/2020:09:00:06 +0000, method: GET, url: /createUserSchema, http_version: 1.1, status: 200, result_length: 69, referrer: -, user_agent: PostmanRuntime/7.1.1, response_time: 430.822 ms\n","level":"info"}
{"message":"correlationId: -, appName: mssql-node, remote_addr: ::1, remote_user: -, date: 20/Apr/2020:09:03:15 +0000, method: GET, url: /createUserSchema, http_version: 1.1, status: 200, result_length: 69, referrer: -, user_agent: PostmanRuntime/7.1.1, response_time: 195.275 ms\n","level":"info"}
{"message":"correlationId: -, appName: mssql-node, remote_addr: ::1, remote_user: -, date: 20/Apr/2020:09:35:11 +0000, method: GET, url: /createUserSchema, http_version: 1.1, status: 200, result_length: 69, referrer: -, user_agent: PostmanRuntime/7.1.1, response_time: 491.099 ms\n","level":"info"}
{"message":"correlationId: -, appName: mssql-node, remote_addr: ::1, remote_user: -, date: 20/Apr/2020:10:02:15 +0000, method: GET, url: /createUserSchema, http_version: 1.1, status: 200, result_length: 104, referrer: -, user_agent: PostmanRuntime/7.1.1, response_time: 7.698 ms\n","level":"info"}
{"message":"correlationId: -, appName: mssql-node, remote_addr: ::1, remote_user: -, date: 20/Apr/2020:10:05:41 +0000, method: GET, url: /createUserSchema, http_version: 1.1, status: 200, result_length: 122, referrer: -, user_agent: PostmanRuntime/7.1.1, response_time: 8.432 ms\n","level":"info"}
{"message":"correlationId: -, appName: mssql-node, remote_addr: ::1, remote_user: -, date: 20/Apr/2020:10:06:13 +0000, method: GET, url: /createUserSchema, http_version: 1.1, status: 200, result_length: 104, referrer: -, user_agent: PostmanRuntime/7.1.1, response_time: 7.081 ms\n","level":"info"}
{"message":"correlationId: -, appName: mssql-node, remote_addr: ::1, remote_user: -, date: 20/Apr/2020:10:09:43 +0000, method: GET, url: /createUserSchema, http_version: 1.1, status: 200, result_length: 104, referrer: -, user_agent: PostmanRuntime/7.1.1, response_time: 9.288 ms\n","level":"info"}
{"message":"correlationId: -, appName: mssql-node, remote_addr: ::1, remote_user: -, date: 20/Apr/2020:10:12:03 +0000, method: GET, url: /createUserSchema, http_version: 1.1, status: 200, result_length: 69, referrer: -, user_agent: PostmanRuntime/7.1.1, response_time: 722.671 ms\n","level":"info"}
{"message":"correlationId: -, appName: mssql-node, remote_addr: ::1, remote_user: -, date: 20/Apr/2020:10:12:53 +0000, method: GET, url: /createUserSchema, http_version: 1.1, status: 200, result_length: 69, referrer: -, user_agent: PostmanRuntime/7.1.1, response_time: 225.489 ms\n","level":"info"}
{"message":"correlationId: -, appName: mssql-node, remote_addr: ::1, remote_user: -, date: 20/Apr/2020:10:20:02 +0000, method: POST, url: /createUserSchema, http_version: 1.1, status: 404, result_length: 2572, referrer: -, user_agent: PostmanRuntime/7.1.1, response_time: 11.557 ms\n","level":"info"}
{"message":"correlationId: -, appName: mssql-node, remote_addr: ::1, remote_user: -, date: 20/Apr/2020:10:21:39 +0000, method: POST, url: /createUserSchema, http_version: 1.1, status: 500, result_length: 2581, referrer: -, user_agent: PostmanRuntime/7.1.1, response_time: 2.402 ms\n","level":"info"}
{"message":"correlationId: -, appName: mssql-node, remote_addr: ::1, remote_user: -, date: 20/Apr/2020:10:22:25 +0000, method: POST, url: /createUserSchema, http_version: 1.1, status: 404, result_length: 2572, referrer: -, user_agent: PostmanRuntime/7.1.1, response_time: 2.167 ms\n","level":"info"}
{"message":"correlationId: -, appName: mssql-node, remote_addr: ::1, remote_user: -, date: 20/Apr/2020:10:23:02 +0000, method: POST, url: /insertUser, http_version: 1.1, status: 200, result_length: 120, referrer: -, user_agent: PostmanRuntime/7.1.1, response_time: 3.879 ms\n","level":"info"}
{"message":"correlationId: -, appName: mssql-node, remote_addr: ::1, remote_user: -, date: 20/Apr/2020:10:24:50 +0000, method: POST, url: /insertUser, http_version: 1.1, status: 200, result_length: 120, referrer: -, user_agent: PostmanRuntime/7.1.1, response_time: 4.815 ms\n","level":"info"}
{"message":"correlationId: -, appName: mssql-node, remote_addr: ::1, remote_user: -, date: 20/Apr/2020:10:26:05 +0000, method: POST, url: /insertUser, http_version: 1.1, status: 200, result_length: 120, referrer: -, user_agent: PostmanRuntime/7.1.1, response_time: 28.265 ms\n","level":"info"}
{"message":"correlationId: -, appName: mssql-node, remote_addr: ::1, remote_user: -, date: 20/Apr/2020:10:32:09 +0000, method: POST, url: /insertUser, http_version: 1.1, status: 200, result_length: 120, referrer: -, user_agent: PostmanRuntime/7.1.1, response_time: 30.880 ms\n","level":"info"}
{"message":"correlationId: -, appName: mssql-node, remote_addr: ::1, remote_user: -, date: 20/Apr/2020:10:32:43 +0000, method: POST, url: /insertUser, http_version: 1.1, status: 200, result_length: 120, referrer: -, user_agent: PostmanRuntime/7.1.1, response_time: 4.784 ms\n","level":"info"}
{"message":"correlationId: -, appName: mssql-node, remote_addr: ::1, remote_user: -, date: 20/Apr/2020:10:33:50 +0000, method: POST, url: /insertUser, http_version: 1.1, status: 200, result_length: 120, referrer: -, user_agent: PostmanRuntime/7.1.1, response_time: 5.880 ms\n","level":"info"}
{"message":"correlationId: -, appName: mssql-node, remote_addr: ::1, remote_user: -, date: 20/Apr/2020:10:34:46 +0000, method: POST, url: /insertUser, http_version: 1.1, status: 200, result_length: 122, referrer: -, user_agent: PostmanRuntime/7.1.1, response_time: 6.995 ms\n","level":"info"}
{"message":"correlationId: -, appName: mssql-node, remote_addr: ::1, remote_user: -, date: 20/Apr/2020:10:40:12 +0000, method: POST, url: /insertUser, http_version: 1.1, status: 200, result_length: 122, referrer: -, user_agent: PostmanRuntime/7.1.1, response_time: 13.635 ms\n","level":"info"}
{"message":"correlationId: -, appName: mssql-node, remote_addr: ::1, remote_user: -, date: 20/Apr/2020:10:44:52 +0000, method: POST, url: /insertUser, http_version: 1.1, status: 200, result_length: 122, referrer: -, user_agent: PostmanRuntime/7.1.1, response_time: 7.526 ms\n","level":"info"}
{"message":"correlationId: -, appName: mssql-node, remote_addr: ::1, remote_user: -, date: 20/Apr/2020:10:48:12 +0000, method: POST, url: /insertUser, http_version: 1.1, status: 200, result_length: 122, referrer: -, user_agent: PostmanRuntime/7.1.1, response_time: 7.037 ms\n","level":"info"}
{"message":"correlationId: -, appName: mssql-node, remote_addr: ::1, remote_user: -, date: 20/Apr/2020:10:52:26 +0000, method: POST, url: /insertUser, http_version: 1.1, status: 200, result_length: 122, referrer: -, user_agent: PostmanRuntime/7.1.1, response_time: 6.604 ms\n","level":"info"}
{"message":"correlationId: -, appName: mssql-node, remote_addr: ::1, remote_user: -, date: 20/Apr/2020:10:53:33 +0000, method: POST, url: /insertUser, http_version: 1.1, status: 500, result_length: 122, referrer: -, user_agent: PostmanRuntime/7.1.1, response_time: 7.058 ms\n","level":"info"}
{"message":"correlationId: -, appName: mssql-node, remote_addr: ::1, remote_user: -, date: 20/Apr/2020:10:53:58 +0000, method: POST, url: /insertUser, http_version: 1.1, status: 500, result_length: 122, referrer: -, user_agent: PostmanRuntime/7.1.1, response_time: 6.652 ms\n","level":"info"}
{"message":"correlationId: -, appName: mssql-node, remote_addr: ::1, remote_user: -, date: 20/Apr/2020:10:57:12 +0000, method: POST, url: /insertUser, http_version: 1.1, status: 500, result_length: 104, referrer: -, user_agent: PostmanRuntime/7.1.1, response_time: 8.561 ms\n","level":"info"}
{"message":"correlationId: -, appName: mssql-node, remote_addr: ::1, remote_user: -, date: 20/Apr/2020:11:01:24 +0000, method: POST, url: /insertUser, http_version: 1.1, status: 500, result_length: 104, referrer: -, user_agent: PostmanRuntime/7.1.1, response_time: 1.736 ms\n","level":"info"}
{"message":"correlationId: -, appName: mssql-node, remote_addr: ::1, remote_user: -, date: 20/Apr/2020:11:01:32 +0000, method: POST, url: /insertUser, http_version: 1.1, status: 500, result_length: 104, referrer: -, user_agent: PostmanRuntime/7.1.1, response_time: 15.921 ms\n","level":"info"}
{"message":"correlationId: -, appName: mssql-node, remote_addr: ::1, remote_user: -, date: 20/Apr/2020:11:02:30 +0000, method: POST, url: /insertUser, http_version: 1.1, status: 500, result_length: 104, referrer: -, user_agent: PostmanRuntime/7.1.1, response_time: 8.554 ms\n","level":"info"}
{"message":"correlationId: -, appName: mssql-node, remote_addr: ::1, remote_user: -, date: 20/Apr/2020:11:04:01 +0000, method: POST, url: /insertUser, http_version: 1.1, status: 500, result_length: 104, referrer: -, user_agent: PostmanRuntime/7.1.1, response_time: 5.109 ms\n","level":"info"}
{"message":"correlationId: -, appName: mssql-node, remote_addr: ::1, remote_user: -, date: 20/Apr/2020:11:09:56 +0000, method: POST, url: /insertUser, http_version: 1.1, status: 500, result_length: 104, referrer: -, user_agent: PostmanRuntime/7.1.1, response_time: 11.218 ms\n","level":"info"}
{"message":"correlationId: -, appName: mssql-node, remote_addr: ::1, remote_user: -, date: 20/Apr/2020:11:28:22 +0000, method: GET, url: /createUserSchema, http_version: 1.1, status: 200, result_length: 69, referrer: -, user_agent: PostmanRuntime/7.1.1, response_time: 726.004 ms\n","level":"info"}
{"message":"correlationId: -, appName: mssql-node, remote_addr: ::1, remote_user: -, date: 20/Apr/2020:11:29:24 +0000, method: POST, url: /insertUser, http_version: 1.1, status: 500, result_length: 104, referrer: -, user_agent: PostmanRuntime/7.1.1, response_time: 556.364 ms\n","level":"info"}
{"message":"correlationId: -, appName: mssql-node, remote_addr: ::1, remote_user: -, date: 20/Apr/2020:11:30:05 +0000, method: POST, url: /insertUser, http_version: 1.1, status: 500, result_length: 104, referrer: -, user_agent: PostmanRuntime/7.1.1, response_time: 12.051 ms\n","level":"info"}
{"message":"correlationId: -, appName: mssql-node, remote_addr: ::1, remote_user: -, date: 20/Apr/2020:11:35:48 +0000, method: GET, url: /createUserSchema, http_version: 1.1, status: 200, result_length: 69, referrer: -, user_agent: PostmanRuntime/7.1.1, response_time: 4.484 ms\n","level":"info"}
{"message":"correlationId: -, appName: mssql-node, remote_addr: ::1, remote_user: -, date: 20/Apr/2020:11:36:33 +0000, method: GET, url: /createUserSchema, http_version: 1.1, status: 200, result_length: 69, referrer: -, user_agent: PostmanRuntime/7.1.1, response_time: 4.324 ms\n","level":"info"}
{"message":"correlationId: -, appName: mssql-node, remote_addr: ::1, remote_user: -, date: 20/Apr/2020:11:37:09 +0000, method: GET, url: /createUserSchema, http_version: 1.1, status: 200, result_length: 69, referrer: -, user_agent: PostmanRuntime/7.1.1, response_time: 21.396 ms\n","level":"info"}
{"message":"correlationId: -, appName: mssql-node, remote_addr: ::1, remote_user: -, date: 20/Apr/2020:11:39:10 +0000, method: GET, url: /createUserSchema, http_version: 1.1, status: 200, result_length: 104, referrer: -, user_agent: PostmanRuntime/7.1.1, response_time: 4.188 ms\n","level":"info"}
{"message":"correlationId: -, appName: mssql-node, remote_addr: ::1, remote_user: -, date: 20/Apr/2020:11:40:49 +0000, method: GET, url: /createUserSchema, http_version: 1.1, status: 200, result_length: 69, referrer: -, user_agent: PostmanRuntime/7.1.1, response_time: 383.916 ms\n","level":"info"}
{"message":"correlationId: -, appName: mssql-node, remote_addr: ::1, remote_user: -, date: 20/Apr/2020:11:42:19 +0000, method: GET, url: /createUserSchema, http_version: 1.1, status: 200, result_length: 69, referrer: -, user_agent: PostmanRuntime/7.1.1, response_time: 3.022 ms\n","level":"info"}
{"message":"correlationId: -, appName: mssql-node, remote_addr: ::1, remote_user: -, date: 20/Apr/2020:11:42:54 +0000, method: GET, url: /createUserSchema, http_version: 1.1, status: 200, result_length: 69, referrer: -, user_agent: PostmanRuntime/7.1.1, response_time: 5.370 ms\n","level":"info"}
{"message":"correlationId: -, appName: mssql-node, remote_addr: ::1, remote_user: -, date: 20/Apr/2020:11:45:21 +0000, method: GET, url: /createUserSchema, http_version: 1.1, status: 200, result_length: 69, referrer: -, user_agent: PostmanRuntime/7.1.1, response_time: 314.810 ms\n","level":"info"}
{"message":"correlationId: -, appName: mssql-node, remote_addr: ::1, remote_user: -, date: 20/Apr/2020:11:56:03 +0000, method: POST, url: /insertUser, http_version: 1.1, status: 500, result_length: 104, referrer: -, user_agent: PostmanRuntime/7.1.1, response_time: 696.570 ms\n","level":"info"}
{"message":"correlationId: -, appName: mssql-node, remote_addr: ::1, remote_user: -, date: 20/Apr/2020:12:02:14 +0000, method: GET, url: /createUserSchema, http_version: 1.1, status: 200, result_length: 114, referrer: -, user_agent: PostmanRuntime/7.1.1, response_time: 4.265 ms\n","level":"info"}
{"message":"correlationId: -, appName: mssql-node, remote_addr: ::1, remote_user: -, date: 20/Apr/2020:12:02:42 +0000, method: GET, url: /createUserSchema, http_version: 1.1, status: 200, result_length: 114, referrer: -, user_agent: PostmanRuntime/7.1.1, response_time: 3.240 ms\n","level":"info"}
{"message":"correlationId: -, appName: mssql-node, remote_addr: ::1, remote_user: -, date: 20/Apr/2020:12:03:38 +0000, method: GET, url: /createUserSchema, http_version: 1.1, status: 200, result_length: 114, referrer: -, user_agent: PostmanRuntime/7.1.1, response_time: 4.307 ms\n","level":"info"}
{"message":"correlationId: -, appName: mssql-node, remote_addr: ::1, remote_user: -, date: 20/Apr/2020:12:03:41 +0000, method: GET, url: /createUserSchema, http_version: 1.1, status: 200, result_length: 114, referrer: -, user_agent: PostmanRuntime/7.1.1, response_time: 0.796 ms\n","level":"info"}
{"message":"correlationId: -, appName: mssql-node, remote_addr: ::1, remote_user: -, date: 20/Apr/2020:12:04:14 +0000, method: GET, url: /createUserSchema, http_version: 1.1, status: 200, result_length: 114, referrer: -, user_agent: PostmanRuntime/7.1.1, response_time: 4.208 ms\n","level":"info"}
{"message":"correlationId: -, appName: mssql-node, remote_addr: ::1, remote_user: -, date: 20/Apr/2020:12:05:28 +0000, method: GET, url: /createUserSchema, http_version: 1.1, status: 200, result_length: 114, referrer: -, user_agent: PostmanRuntime/7.1.1, response_time: 3.509 ms\n","level":"info"}
{"message":"correlationId: -, appName: mssql-node, remote_addr: ::1, remote_user: -, date: 20/Apr/2020:12:06:25 +0000, method: GET, url: /createUserSchema, http_version: 1.1, status: 200, result_length: 114, referrer: -, user_agent: PostmanRuntime/7.1.1, response_time: 4.305 ms\n","level":"info"}
{"message":"correlationId: -, appName: mssql-node, remote_addr: ::1, remote_user: -, date: 20/Apr/2020:12:06:59 +0000, method: GET, url: /createUserSchema, http_version: 1.1, status: 200, result_length: 114, referrer: -, user_agent: PostmanRuntime/7.1.1, response_time: 10.038 ms\n","level":"info"}
{"message":"correlationId: -, appName: mssql-node, remote_addr: ::1, remote_user: -, date: 20/Apr/2020:12:08:20 +0000, method: GET, url: /createUserSchema, http_version: 1.1, status: 200, result_length: 69, referrer: -, user_agent: PostmanRuntime/7.1.1, response_time: 427.166 ms\n","level":"info"}
{"message":"correlationId: -, appName: mssql-node, remote_addr: ::1, remote_user: -, date: 20/Apr/2020:12:09:43 +0000, method: POST, url: /insertUser, http_version: 1.1, status: 500, result_length: 104, referrer: -, user_agent: PostmanRuntime/7.1.1, response_time: 229.393 ms\n","level":"info"}
{"message":"correlationId: -, appName: mssql-node, remote_addr: ::1, remote_user: -, date: 20/Apr/2020:12:12:35 +0000, method: POST, url: /insertUser, http_version: 1.1, status: 200, result_length: 67, referrer: -, user_agent: PostmanRuntime/7.1.1, response_time: 195.755 ms\n","level":"info"}
{"message":"correlationId: -, appName: mssql-node, remote_addr: ::1, remote_user: -, date: 20/Apr/2020:12:25:02 +0000, method: POST, url: /fetchUsers?name=%22Bidhan, http_version: 1.1, status: 500, result_length: 2574, referrer: -, user_agent: PostmanRuntime/7.1.1, response_time: 2.139 ms\n","level":"info"}
{"message":"correlationId: -, appName: mssql-node, remote_addr: ::1, remote_user: -, date: 20/Apr/2020:12:28:48 +0000, method: GET, url: /fetchUsers?name=%22Bidhan, http_version: 1.1, status: 200, result_length: 37, referrer: -, user_agent: PostmanRuntime/7.1.1, response_time: 40.050 ms\n","level":"info"}
{"message":"correlationId: -, appName: mssql-node, remote_addr: ::1, remote_user: -, date: 20/Apr/2020:12:29:52 +0000, method: GET, url: /fetchUsers?name=%22Bidhan, http_version: 1.1, status: 200, result_length: 37, referrer: -, user_agent: PostmanRuntime/7.1.1, response_time: 34.261 ms\n","level":"info"}
{"message":"correlationId: -, appName: mssql-node, remote_addr: ::1, remote_user: -, date: 20/Apr/2020:12:31:28 +0000, method: GET, url: /fetchUsers?name=%22Bidhan, http_version: 1.1, status: 200, result_length: 47, referrer: -, user_agent: PostmanRuntime/7.1.1, response_time: 48.087 ms\n","level":"info"}
{"message":"correlationId: -, appName: mssql-node, remote_addr: ::1, remote_user: -, date: 20/Apr/2020:12:32:04 +0000, method: GET, url: /fetchUsers?name=%22Bidhan%22, http_version: 1.1, status: 200, result_length: 47, referrer: -, user_agent: PostmanRuntime/7.1.1, response_time: 31.635 ms\n","level":"info"}
{"message":"correlationId: -, appName: mssql-node, remote_addr: ::1, remote_user: -, date: 20/Apr/2020:12:32:43 +0000, method: GET, url: /fetchUsers?name=%22Bidhan%22, http_version: 1.1, status: 200, result_length: 47, referrer: -, user_agent: PostmanRuntime/7.1.1, response_time: 706.352 ms\n","level":"info"}
{"message":"correlationId: -, appName: mssql-node, remote_addr: ::1, remote_user: -, date: 20/Apr/2020:12:33:08 +0000, method: GET, url: /fetchUsers?name=%22Navin%22, http_version: 1.1, status: 200, result_length: 47, referrer: -, user_agent: PostmanRuntime/7.1.1, response_time: 90.433 ms\n","level":"info"}
{"message":"correlationId: -, appName: mssql-node, remote_addr: ::1, remote_user: -, date: 20/Apr/2020:12:40:01 +0000, method: GET, url: /fetchUsers?name=%22Navin%22, http_version: 1.1, status: 200, result_length: 203, referrer: -, user_agent: PostmanRuntime/7.1.1, response_time: 95.897 ms\n","level":"info"}
{"message":"correlationId: -, appName: mssql-node, remote_addr: ::1, remote_user: -, date: 20/Apr/2020:12:40:56 +0000, method: GET, url: /fetchUsers?name=%22Navin%22, http_version: 1.1, status: 200, result_length: 47, referrer: -, user_agent: PostmanRuntime/7.1.1, response_time: 41.190 ms\n","level":"info"}
{"message":"correlationId: -, appName: mssql-node, remote_addr: ::1, remote_user: -, date: 20/Apr/2020:12:41:28 +0000, method: GET, url: /fetchUsers?name=%22Navin%22, http_version: 1.1, status: 200, result_length: 203, referrer: -, user_agent: PostmanRuntime/7.1.1, response_time: 53.716 ms\n","level":"info"}
{"message":"correlationId: -, appName: mssql-node, remote_addr: ::1, remote_user: -, date: 20/Apr/2020:12:42:31 +0000, method: GET, url: /fetchUsers?name=Navin, http_version: 1.1, status: 200, result_length: 203, referrer: -, user_agent: PostmanRuntime/7.1.1, response_time: 56.941 ms\n","level":"info"}
{"message":"correlationId: -, appName: mssql-node, remote_addr: ::1, remote_user: -, date: 20/Apr/2020:12:42:47 +0000, method: GET, url: /fetchUsers?name=Navin, http_version: 1.1, status: 200, result_length: 203, referrer: -, user_agent: PostmanRuntime/7.1.1, response_time: 47.449 ms\n","level":"info"}
{"message":"correlationId: -, appName: mssql-node, remote_addr: ::1, remote_user: -, date: 20/Apr/2020:12:57:38 +0000, method: PUT, url: /fetchUsers?name=Navin, http_version: 1.1, status: 500, result_length: 2574, referrer: -, user_agent: PostmanRuntime/7.1.1, response_time: 1.647 ms\n","level":"info"}
{"message":"correlationId: -, appName: mssql-node, remote_addr: ::1, remote_user: -, date: 20/Apr/2020:12:58:45 +0000, method: PUT, url: /fetchUsers?name=Navin, http_version: 1.1, status: 500, result_length: 2574, referrer: -, user_agent: PostmanRuntime/7.1.1, response_time: 2.190 ms\n","level":"info"}
{"message":"correlationId: -, appName: mssql-node, remote_addr: ::1, remote_user: -, date: 20/Apr/2020:13:02:52 +0000, method: PUT, url: /fetchUsers?name=Navin, http_version: 1.1, status: 500, result_length: 2574, referrer: -, user_agent: PostmanRuntime/7.1.1, response_time: 1.597 ms\n","level":"info"}
{"message":"correlationId: -, appName: mssql-node, remote_addr: ::1, remote_user: -, date: 20/Apr/2020:13:06:21 +0000, method: PUT, url: /fetchUsers?name=Navin, http_version: 1.1, status: 500, result_length: 2574, referrer: -, user_agent: PostmanRuntime/7.1.1, response_time: 1.599 ms\n","level":"info"}
{"message":"correlationId: -, appName: mssql-node, remote_addr: ::1, remote_user: -, date: 20/Apr/2020:13:06:50 +0000, method: PUT, url: /fetchUsers?name=Navin, http_version: 1.1, status: 500, result_length: 2574, referrer: -, user_agent: PostmanRuntime/7.1.1, response_time: 1.675 ms\n","level":"info"}
{"message":"correlationId: -, appName: mssql-node, remote_addr: ::1, remote_user: -, date: 20/Apr/2020:13:07:09 +0000, method: PUT, url: /updateUser?name=Navin, http_version: 1.1, status: 200, result_length: 48, referrer: -, user_agent: PostmanRuntime/7.1.1, response_time: 119.349 ms\n","level":"info"}
{"message":"correlationId: -, appName: mssql-node, remote_addr: ::1, remote_user: -, date: 20/Apr/2020:13:16:49 +0000, method: PUT, url: /updateUser?name=Navin, http_version: 1.1, status: 200, result_length: 48, referrer: -, user_agent: PostmanRuntime/7.1.1, response_time: 22.355 ms\n","level":"info"}
{"message":"correlationId: -, appName: mssql-node, remote_addr: ::1, remote_user: -, date: 20/Apr/2020:13:20:02 +0000, method: PUT, url: /updateUser?name=Navin, http_version: 1.1, status: 200, result_length: 48, referrer: -, user_agent: PostmanRuntime/7.1.1, response_time: 52.979 ms\n","level":"info"}
{"message":"correlationId: -, appName: mssql-node, remote_addr: ::1, remote_user: -, date: 20/Apr/2020:13:20:05 +0000, method: PUT, url: /updateUser?name=Navin, http_version: 1.1, status: 200, result_length: 48, referrer: -, user_agent: PostmanRuntime/7.1.1, response_time: 13.711 ms\n","level":"info"}
{"message":"correlationId: -, appName: mssql-node, remote_addr: ::1, remote_user: -, date: 20/Apr/2020:13:20:19 +0000, method: PUT, url: /updateUser?name=Navin, http_version: 1.1, status: 200, result_length: 48, referrer: -, user_agent: PostmanRuntime/7.1.1, response_time: 23.619 ms\n","level":"info"}
{"message":"correlationId: -, appName: mssql-node, remote_addr: ::1, remote_user: -, date: 20/Apr/2020:13:20:31 +0000, method: PUT, url: /updateUser?name=Suraj, http_version: 1.1, status: 200, result_length: 48, referrer: -, user_agent: PostmanRuntime/7.1.1, response_time: 28.199 ms\n","level":"info"}
{"message":"correlationId: -, appName: mssql-node, remote_addr: ::1, remote_user: -, date: 20/Apr/2020:13:21:44 +0000, method: PUT, url: /updateUser?name=Suraj, http_version: 1.1, status: 200, result_length: 48, referrer: -, user_agent: PostmanRuntime/7.1.1, response_time: 50.283 ms\n","level":"info"}
